2024-06-11 23:49:30 0 [Note] Starting MariaDB 10.11.6-MariaDB source revision fecd78b83785d5ae96f2c6ff340375be803cd299 as process 25182
2024-06-11 23:49:30 0 [Note] InnoDB: Compressed tables use zlib 1.3.1
2024-06-11 23:49:30 0 [Note] InnoDB: Number of transaction pools: 1
2024-06-11 23:49:30 0 [Note] InnoDB: Using crc32 + pclmulqdq instructions
2024-06-11 23:49:30 0 [Note] InnoDB: Using liburing
2024-06-11 23:49:30 0 [Note] InnoDB: Initializing buffer pool, total size = 128.000MiB, chunk size = 2.000MiB
2024-06-11 23:49:30 0 [Note] InnoDB: Completed initialization of buffer pool
2024-06-11 23:49:30 0 [Note] InnoDB: File system buffers for log disabled (block size=512 bytes)
2024-06-11 23:49:30 0 [Note] InnoDB: End of log at LSN=46980
2024-06-11 23:49:30 0 [Note] InnoDB: 128 rollback segments are active.
2024-06-11 23:49:30 0 [Note] InnoDB: Setting file './ibtmp1' size to 12.000MiB. Physically writing the file full; Please wait ...
2024-06-11 23:49:30 0 [Note] InnoDB: File './ibtmp1' size is now 12.000MiB.
2024-06-11 23:49:30 0 [Note] InnoDB: log sequence number 46980; transaction id 14
2024-06-11 23:49:30 0 [Note] Plugin 'FEEDBACK' is disabled.
2024-06-11 23:49:30 0 [Note] InnoDB: Loading buffer pool(s) from /home/ale/Desktop/Proyecto-Unidad-1-Laravel/mysql/data/ib_buffer_pool
2024-06-11 23:49:30 0 [Note] InnoDB: Buffer pool(s) load completed at 240611 23:49:30
2024-06-11 23:49:30 0 [Note] mysqld: ready for connections.
Version: '10.11.6-MariaDB'  socket: '/home/ale/Desktop/Proyecto-Unidad-1-Laravel/mysql/mysql.sock'  port: 0  MariaDB Server
2024-06-11 23:50:00 0 [Note] mysqld (initiated by: root[root] @ localhost []): Normal shutdown
2024-06-11 23:50:00 0 [Note] InnoDB: FTS optimize thread exiting.
2024-06-11 23:50:00 0 [Note] InnoDB: Starting shutdown...
2024-06-11 23:50:00 0 [Note] InnoDB: Dumping buffer pool(s) to /home/ale/Desktop/Proyecto-Unidad-1-Laravel/mysql/data/ib_buffer_pool
2024-06-11 23:50:00 0 [Note] InnoDB: Buffer pool(s) dump completed at 240611 23:50:00
2024-06-11 23:50:00 0 [Note] InnoDB: Removed temporary tablespace data file: "./ibtmp1"
2024-06-11 23:50:00 0 [Note] InnoDB: Shutdown completed; log sequence number 46980; transaction id 15
2024-06-11 23:50:00 0 [Note] mysqld: Shutdown complete

